z:\fps_n22\tankflanker\tankflanker\x64\release\main.obj
z:\fps_n22\tankflanker\tankflanker\x64\release\vc141.pdb
z:\fps_n22\tankflanker\x64\release\fps_n2.ipdb
z:\fps_n22\tankflanker\x64\release\fps_n2.iobj
z:\fps_n22\tankflanker\x64\release\fps_n2.exe
z:\fps_n22\tankflanker\x64\release\fps_n2.pdb
c:\users\ハンドサイン\source\repos\fps_n2\tankflanker\tankflanker\x64\release\main.obj
c:\users\ハンドサイン\source\repos\fps_n2\tankflanker\tankflanker\x64\release\nativecodeanalysis.read.1.tlog
c:\users\ハンドサイン\source\repos\fps_n2\tankflanker\tankflanker\x64\release\vc141.pdb
c:\users\ハンドサイン\source\repos\fps_n2\tankflanker\tankflanker\x64\release\main.nativecodeanalysis.xml
c:\users\ハンドサイン\source\repos\fps_n2\tankflanker\tankflanker\x64\release\vc.nativecodeanalysis.all.xml
c:\users\ハンドサイン\source\repos\fps_n2\tankflanker\x64\release\fps_n2.pdb
c:\users\ハンドサイン\source\repos\fps_n2\tankflanker\x64\release\fps_n2.exe
c:\users\ハンドサイン\source\repos\fps_n2\tankflanker\tankflanker\x64\release\fps_n2.tlog\cl.command.1.tlog
c:\users\ハンドサイン\source\repos\fps_n2\tankflanker\tankflanker\x64\release\fps_n2.tlog\cl.read.1.tlog
c:\users\ハンドサイン\source\repos\fps_n2\tankflanker\tankflanker\x64\release\fps_n2.tlog\cl.write.1.tlog
c:\users\ハンドサイン\source\repos\fps_n2\tankflanker\tankflanker\x64\release\fps_n2.tlog\fps_n2.write.1u.tlog
c:\users\ハンドサイン\source\repos\fps_n2\tankflanker\tankflanker\x64\release\fps_n2.tlog\link.command.1.tlog
c:\users\ハンドサイン\source\repos\fps_n2\tankflanker\tankflanker\x64\release\fps_n2.tlog\link.read.1.tlog
c:\users\ハンドサイン\source\repos\fps_n2\tankflanker\tankflanker\x64\release\fps_n2.tlog\link.write.1.tlog
