  main.cpp
c:\users\yabushita_maki\documents\github\dxlib_vc\dx_vc\effekseer.h(3064): warning C4100: 'textureType': 引数は関数の本体部で 1 度も参照されません。
c:\users\yabushita_maki\documents\github\dxlib_vc\dx_vc\effekseer.h(3064): warning C4100: 'path': 引数は関数の本体部で 1 度も参照されません。
c:\users\yabushita_maki\documents\github\dxlib_vc\dx_vc\effekseer.h(3083): warning C4100: 'textureType': 引数は関数の本体部で 1 度も参照されません。
c:\users\yabushita_maki\documents\github\dxlib_vc\dx_vc\effekseer.h(3083): warning C4100: 'size': 引数は関数の本体部で 1 度も参照されません。
c:\users\yabushita_maki\documents\github\dxlib_vc\dx_vc\effekseer.h(3083): warning C4100: 'data': 引数は関数の本体部で 1 度も参照されません。
c:\users\yabushita_maki\documents\github\dxlib_vc\dx_vc\effekseer.h(3092): warning C4100: 'data': 引数は関数の本体部で 1 度も参照されません。
c:\users\yabushita_maki\documents\github\dxlib_vc\dx_vc\effekseer.h(3142): warning C4100: 'path': 引数は関数の本体部で 1 度も参照されません。
c:\users\yabushita_maki\documents\github\dxlib_vc\dx_vc\effekseer.h(3158): warning C4100: 'size': 引数は関数の本体部で 1 度も参照されません。
c:\users\yabushita_maki\documents\github\dxlib_vc\dx_vc\effekseer.h(3158): warning C4100: 'data': 引数は関数の本体部で 1 度も参照されません。
c:\users\yabushita_maki\documents\github\dxlib_vc\dx_vc\effekseer.h(3167): warning C4100: 'data': 引数は関数の本体部で 1 度も参照されません。
c:\users\yabushita_maki\documents\github\dxlib_vc\dx_vc\effekseer.h(3219): warning C4100: 'path': 引数は関数の本体部で 1 度も参照されません。
c:\users\yabushita_maki\documents\github\dxlib_vc\dx_vc\effekseer.h(3238): warning C4100: 'fileType': 引数は関数の本体部で 1 度も参照されません。
c:\users\yabushita_maki\documents\github\dxlib_vc\dx_vc\effekseer.h(3238): warning C4100: 'size': 引数は関数の本体部で 1 度も参照されません。
c:\users\yabushita_maki\documents\github\dxlib_vc\dx_vc\effekseer.h(3238): warning C4100: 'data': 引数は関数の本体部で 1 度も参照されません。
c:\users\yabushita_maki\documents\github\dxlib_vc\dx_vc\effekseer.h(3248): warning C4100: 'data': 引数は関数の本体部で 1 度も参照されません。
c:\users\yabushita_maki\documents\github\dxlib_vc\dx_vc\effekseer.h(3702): warning C4100: 'path': 引数は関数の本体部で 1 度も参照されません。
c:\users\yabushita_maki\documents\github\dxlib_vc\dx_vc\effekseer.h(3718): warning C4100: 'size': 引数は関数の本体部で 1 度も参照されません。
c:\users\yabushita_maki\documents\github\dxlib_vc\dx_vc\effekseer.h(3718): warning C4100: 'data': 引数は関数の本体部で 1 度も参照されません。
c:\users\yabushita_maki\documents\github\dxlib_vc\dx_vc\effekseer.h(3727): warning C4100: 'source': 引数は関数の本体部で 1 度も参照されません。
c:\users\yabushita_maki\documents\github\dxlib_vc\dx_vc\effekseerrendererdx11.h(398): warning C4100: 'commandList': 引数は関数の本体部で 1 度も参照されません。
c:\users\yabushita_maki\documents\github\dxlib_vc\dx_vc\effekseerrendererdx11.h(415): warning C4100: 'type': 引数は関数の本体部で 1 度も参照されません。
c:\users\yabushita_maki\documents\github\dxlib_vc\dx_vc\effekseerrendererdx11.h(422): warning C4100: 'data': 引数は関数の本体部で 1 度も参照されません。
c:\users\yabushita_maki\documents\github\fps_n2\tankflanker\tankflanker\sub.hpp(4083): error C2039: 'Draw': 'Mainclass::Chara::g_parts' のメンバーではありません。
  c:\users\yabushita_maki\documents\github\fps_n2\tankflanker\tankflanker\sub.hpp(1530): note: 'Mainclass::Chara::g_parts' の宣言を確認してください
c:\users\yabushita_maki\documents\github\fps_n2\tankflanker\tankflanker\sub.hpp(4084): error C2039: 'Draw': 'Mainclass::Chara::g_parts' のメンバーではありません。
  c:\users\yabushita_maki\documents\github\fps_n2\tankflanker\tankflanker\sub.hpp(1530): note: 'Mainclass::Chara::g_parts' の宣言を確認してください
c:\users\yabushita_maki\documents\github\fps_n2\tankflanker\tankflanker\sub.hpp(4085): error C2039: 'Draw': 'Mainclass::Chara::g_parts' のメンバーではありません。
  c:\users\yabushita_maki\documents\github\fps_n2\tankflanker\tankflanker\sub.hpp(1530): note: 'Mainclass::Chara::g_parts' の宣言を確認してください
c:\users\yabushita_maki\documents\github\fps_n2\tankflanker\tankflanker\sub.hpp(4086): error C2039: 'Draw': 'Mainclass::Chara::g_parts' のメンバーではありません。
  c:\users\yabushita_maki\documents\github\fps_n2\tankflanker\tankflanker\sub.hpp(1530): note: 'Mainclass::Chara::g_parts' の宣言を確認してください
c:\users\yabushita_maki\documents\github\fps_n2\tankflanker\tankflanker\sub.hpp(4088): error C2039: 'Draw': 'Mainclass::Chara::g_parts' のメンバーではありません。
  c:\users\yabushita_maki\documents\github\fps_n2\tankflanker\tankflanker\sub.hpp(1530): note: 'Mainclass::Chara::g_parts' の宣言を確認してください
c:\users\yabushita_maki\documents\github\fps_n2\tankflanker\tankflanker\sub.hpp(4090): error C2039: 'Draw': 'Mainclass::Chara::g_parts' のメンバーではありません。
  c:\users\yabushita_maki\documents\github\fps_n2\tankflanker\tankflanker\sub.hpp(1530): note: 'Mainclass::Chara::g_parts' の宣言を確認してください
c:\users\yabushita_maki\documents\github\fps_n2\tankflanker\tankflanker\sub.hpp(4091): error C2039: 'Draw': 'Mainclass::Chara::g_parts' のメンバーではありません。
  c:\users\yabushita_maki\documents\github\fps_n2\tankflanker\tankflanker\sub.hpp(1530): note: 'Mainclass::Chara::g_parts' の宣言を確認してください
c:\users\yabushita_maki\documents\github\fps_n2\tankflanker\tankflanker\sub.hpp(4092): error C2039: 'Draw': 'Mainclass::Chara::g_parts' のメンバーではありません。
  c:\users\yabushita_maki\documents\github\fps_n2\tankflanker\tankflanker\sub.hpp(1530): note: 'Mainclass::Chara::g_parts' の宣言を確認してください
c:\users\yabushita_maki\documents\github\fps_n2\tankflanker\tankflanker\sub.hpp(4093): error C2039: 'Draw': 'Mainclass::Chara::g_parts' のメンバーではありません。
  c:\users\yabushita_maki\documents\github\fps_n2\tankflanker\tankflanker\sub.hpp(1530): note: 'Mainclass::Chara::g_parts' の宣言を確認してください
c:\users\yabushita_maki\documents\github\fps_n2\tankflanker\tankflanker\sub.hpp(4094): error C2039: 'Draw': 'Mainclass::Chara::g_parts' のメンバーではありません。
  c:\users\yabushita_maki\documents\github\fps_n2\tankflanker\tankflanker\sub.hpp(1530): note: 'Mainclass::Chara::g_parts' の宣言を確認してください
c:\users\yabushita_maki\documents\github\fps_n2\tankflanker\tankflanker\sub.hpp(4096): error C2039: 'Draw': 'Mainclass::Chara::g_parts' のメンバーではありません。
  c:\users\yabushita_maki\documents\github\fps_n2\tankflanker\tankflanker\sub.hpp(1530): note: 'Mainclass::Chara::g_parts' の宣言を確認してください
c:\users\yabushita_maki\documents\github\fps_n2\tankflanker\tankflanker\sub.hpp(4099): error C2039: 'Draw': 'Mainclass::Chara::g_parts' のメンバーではありません。
  c:\users\yabushita_maki\documents\github\fps_n2\tankflanker\tankflanker\sub.hpp(1530): note: 'Mainclass::Chara::g_parts' の宣言を確認してください
c:\users\yabushita_maki\documents\github\fps_n2\tankflanker\tankflanker\scene.hpp(645): error C2039: 'Draw': 'Mainclass::Chara::g_parts' のメンバーではありません。
  c:\users\yabushita_maki\documents\github\fps_n2\tankflanker\tankflanker\sub.hpp(1530): note: 'Mainclass::Chara::g_parts' の宣言を確認してください
c:\users\yabushita_maki\documents\github\fps_n2\tankflanker\tankflanker\scene.hpp(649): error C2039: 'Draw': 'Mainclass::Chara::g_parts' のメンバーではありません。
  c:\users\yabushita_maki\documents\github\fps_n2\tankflanker\tankflanker\sub.hpp(1530): note: 'Mainclass::Chara::g_parts' の宣言を確認してください
